#
# A fatal error has been detected by the Java Runtime Environment:
#
#  EXCEPTION_ACCESS_VIOLATION (0xc0000005) at pc=0x0000000061af8f45, pid=7912, tid=11528
#
# JRE version: Java(TM) SE Runtime Environment (8.0_91-b15) (build 1.8.0_91-b15)
# Java VM: Java HotSpot(TM) 64-Bit Server VM (25.91-b15 mixed mode windows-amd64 compressed oops)
# Problematic frame:
# V  [jvm.dll+0x128f45]
#
# Failed to write core dump. Minidumps are not enabled by default on client versions of Windows
#
# If you would like to submit a bug report, please visit:
#   http://bugreport.java.com/bugreport/crash.jsp
#

---------------  T H R E A D  ---------------

Current thread (0x000000001a189800):  JavaThread "JDWP Transport Listener: dt_socket" daemon [_thread_in_vm, id=11528, stack(0x000000001bbd0000,0x000000001bcd0000)]

siginfo: ExceptionCode=0xc0000005, reading address 0x00003b636e795372

Registers:
RAX=0x000000001bccf901, RBX=0x000000001a189800, RCX=0x00003b636e795372, RDX=0x0000000000000000
RSP=0x000000001bccf8c0, RBP=0x00003b636e795372, RSI=0x000000001bccf9d8, RDI=0x0000000000f9a530
R8 =0x000000001a189800, R9 =0x0000000000008000, R10=0x000000001b95ff70, R11=0x000000001bccfbea
R12=0x0000000000000000, R13=0x000000001a18a328, R14=0x0000000000000000, R15=0x0000000000000000
RIP=0x0000000061af8f45, EFLAGS=0x0000000000010206

Top of Stack: (sp=0x000000001bccf8c0)
0x000000001bccf8c0:   000000001a189800 000000001a189800
0x000000001bccf8d0:   000000001bccf988 0000000061cff32b
0x000000001bccf8e0:   000000001a189800 0000000061d1bb8d
0x000000001bccf8f0:   0000000000000000 0000000061879155
0x000000001bccf900:   000000001a16e150 000000006188291e
0x000000001bccf910:   000000001a189800 0000000000000000
0x000000001bccf920:   0000000000000000 0000000000000000
0x000000001bccf930:   00003b636e795372 0000000061881a15
0x000000001bccf940:   000000001bccf9d8 000000001bccf9b0
0x000000001bccf950:   0000000000000001 000000001a16e150
0x000000001bccf960:   00003b636e795372 00000000618653b3
0x000000001bccf970:   000000001bccfaa0 0000000000000001
0x000000001bccf980:   0000000000000001 000000001a16e150
0x000000001bccf990:   000000000000000a 0000000000000000
0x000000001bccf9a0:   0000000000000000 0000000000000000
0x000000001bccf9b0:   0000000000000001 0000000061865571 

Instructions: (pc=0x0000000061af8f45)
0x0000000061af8f25:   cc cc cc cc cc cc cc cc cc cc cc 48 83 ec 28 48
0x0000000061af8f35:   85 c9 75 07 33 c0 48 83 c4 28 c3 48 89 5c 24 20
0x0000000061af8f45:   48 8b 19 48 85 db 74 20 48 83 fb 37 74 1a 48 8b
0x0000000061af8f55:   13 48 8b cb ff 52 10 84 c0 74 0d 48 8b c3 48 8b 


Register to memory mapping:

RAX=0x000000001bccf901 is pointing into the stack for thread: 0x000000001a189800
RBX=0x000000001a189800 is a thread
RCX=0x00003b636e795372 is an unknown value
RDX=0x0000000000000000 is an unknown value
RSP=0x000000001bccf8c0 is pointing into the stack for thread: 0x000000001a189800
RBP=0x00003b636e795372 is an unknown value
RSI=0x000000001bccf9d8 is pointing into the stack for thread: 0x000000001a189800
RDI=0x0000000000f9a530 is an unknown value
R8 =0x000000001a189800 is a thread
R9 =0x0000000000008000 is an unknown value
R10=0x000000001b95ff70 is an unknown value
R11=0x000000001bccfbea is pointing into the stack for thread: 0x000000001a189800
R12=0x0000000000000000 is an unknown value
R13=0x000000001a18a328 is an unknown value
R14=0x0000000000000000 is an unknown value
R15=0x0000000000000000 is an unknown value


Stack: [0x000000001bbd0000,0x000000001bcd0000],  sp=0x000000001bccf8c0,  free space=1022k
Native frames: (J=compiled Java code, j=interpreted, Vv=VM code, C=native code)
V  [jvm.dll+0x128f45]
V  [jvm.dll+0x34bb8d]
C  [jdwp.dll+0x21a15]
C  [jdwp.dll+0x53b3]
C  [jdwp.dll+0x5571]
C  [jdwp.dll+0xf0a8]
C  [jdwp.dll+0x1f2d5]
C  [jdwp.dll+0x1f4aa]
V  [jvm.dll+0x1bbf38]
V  [jvm.dll+0x243ae4]
V  [jvm.dll+0x29a99a]
C  [msvcr100.dll+0x21d9f]
C  [msvcr100.dll+0x21e3b]
C  [KERNEL32.DLL+0x11fe4]
C  [ntdll.dll+0x6efc1]


---------------  P R O C E S S  ---------------

Java Threads: ( => current thread )
  0x00000000054b2800 JavaThread "DestroyJavaVM" [_thread_blocked, id=17472, stack(0x00000000053b0000,0x00000000054b0000)]
  0x000000001d13a800 JavaThread "pool-1-thread-1" [_thread_blocked, id=8200, stack(0x000000001e2a0000,0x000000001e3a0000)]
  0x000000001b67d800 JavaThread "Service Thread" daemon [_thread_blocked, id=6084, stack(0x000000001c1d0000,0x000000001c2d0000)]
  0x000000001a1b2000 JavaThread "C1 CompilerThread2" daemon [_thread_blocked, id=13020, stack(0x000000001c0d0000,0x000000001c1d0000)]
  0x000000001a1ad000 JavaThread "C2 CompilerThread1" daemon [_thread_blocked, id=9824, stack(0x000000001bfd0000,0x000000001c0d0000)]
  0x000000001a1a9000 JavaThread "C2 CompilerThread0" daemon [_thread_blocked, id=14992, stack(0x000000001bed0000,0x000000001bfd0000)]
  0x000000001a19c000 JavaThread "JDWP Command Reader" daemon [_thread_in_native, id=6668, stack(0x000000001bdd0000,0x000000001bed0000)]
  0x000000001a198800 JavaThread "JDWP Event Helper Thread" daemon [_thread_blocked, id=12640, stack(0x000000001bcd0000,0x000000001bdd0000)]
=>0x000000001a189800 JavaThread "JDWP Transport Listener: dt_socket" daemon [_thread_in_vm, id=11528, stack(0x000000001bbd0000,0x000000001bcd0000)]
  0x000000001a17f800 JavaThread "Attach Listener" daemon [_thread_blocked, id=17636, stack(0x000000001bad0000,0x000000001bbd0000)]
  0x000000001a16c800 JavaThread "Signal Dispatcher" daemon [_thread_blocked, id=6940, stack(0x000000001b9d0000,0x000000001bad0000)]
  0x000000001a15a800 JavaThread "Finalizer" daemon [_thread_blocked, id=16752, stack(0x000000001b3e0000,0x000000001b4e0000)]
  0x00000000055a3800 JavaThread "Reference Handler" daemon [_thread_blocked, id=15556, stack(0x000000001b2e0000,0x000000001b3e0000)]

Other Threads:
  0x000000001a137800 VMThread [stack: 0x000000001b1e0000,0x000000001b2e0000] [id=6892]
  0x000000001b6c1000 WatcherThread [stack: 0x000000001c2d0000,0x000000001c3d0000] [id=10208]

VM state:not at safepoint (normal execution)

VM Mutex/Monitor currently owned by a thread: None

Heap:
 PSYoungGen      total 38400K, used 30764K [0x00000000d5900000, 0x00000000d8380000, 0x0000000100000000)
  eden space 33280K, 92% used [0x00000000d5900000,0x00000000d770b1a8,0x00000000d7980000)
  from space 5120K, 0% used [0x00000000d7980000,0x00000000d7980000,0x00000000d7e80000)
  to   space 5120K, 0% used [0x00000000d7e80000,0x00000000d7e80000,0x00000000d8380000)
 ParOldGen       total 56832K, used 6073K [0x0000000080a00000, 0x0000000084180000, 0x00000000d5900000)
  object space 56832K, 10% used [0x0000000080a00000,0x0000000080fee540,0x0000000084180000)
 Metaspace       used 26128K, capacity 26464K, committed 26880K, reserved 1073152K
  class space    used 3371K, capacity 3478K, committed 3584K, reserved 1048576K

Card table byte_map: [0x0000000014970000,0x0000000014d70000] byte_map_base: 0x000000001456b000

Marking Bits: (ParMarkBitMap*) 0x00000000621e2f70
 Begin Bits: [0x0000000015420000, 0x00000000173f8000)
 End Bits:   [0x00000000173f8000, 0x00000000193d0000)

Polling page: 0x0000000003400000

CodeCache: size=245760Kb used=5571Kb max_used=5582Kb free=240189Kb
 bounds [0x00000000055b0000, 0x0000000005b30000, 0x00000000145b0000]
 total_blobs=2012 nmethods=1580 adapters=353
 compilation: enabled

Compilation events (10 events):
Event: 3.714 Thread 0x000000001a1b2000 1577       3       java.lang.Class$MethodArray::getFirst (36 bytes)
Event: 3.714 Thread 0x000000001a1b2000 nmethod 1577 0x0000000005b20410 code [0x0000000005b20580, 0x0000000005b207f0]
Event: 3.714 Thread 0x000000001a1b2000 1576       3       java.lang.Class::getMethod0 (40 bytes)
Event: 3.714 Thread 0x000000001a1b2000 nmethod 1576 0x0000000005b208d0 code [0x0000000005b20a60, 0x0000000005b20d58]
Event: 3.714 Thread 0x000000001a1a9000 1578       4       java.lang.Class::searchMethods (90 bytes)
Event: 3.716 Thread 0x000000001a1ad000 1579       4       java.lang.Class$MethodArray::removeLessSpecifics (111 bytes)
Event: 3.720 Thread 0x000000001a1ad000 nmethod 1579 0x0000000005b240d0 code [0x0000000005b24260, 0x0000000005b24828]
Event: 3.720 Thread 0x000000001a1ad000 1580       4       java.lang.Class::reflectionData (49 bytes)
Event: 3.721 Thread 0x000000001a1a9000 nmethod 1578 0x0000000005b21a10 code [0x0000000005b21ba0, 0x0000000005b224c8]
Event: 3.725 Thread 0x000000001a1ad000 nmethod 1580 0x0000000005b20ed0 code [0x0000000005b21060, 0x0000000005b21658]

GC Heap History (8 events):
Event: 1.508 GC heap before
{Heap before GC invocations=1 (full 0):
 PSYoungGen      total 38400K, used 33280K [0x00000000d5900000, 0x00000000d8380000, 0x0000000100000000)
  eden space 33280K, 100% used [0x00000000d5900000,0x00000000d7980000,0x00000000d7980000)
  from space 5120K, 0% used [0x00000000d7e80000,0x00000000d7e80000,0x00000000d8380000)
  to   space 5120K, 0% used [0x00000000d7980000,0x00000000d7980000,0x00000000d7e80000)
 ParOldGen       total 87552K, used 0K [0x0000000080a00000, 0x0000000085f80000, 0x00000000d5900000)
  object space 87552K, 0% used [0x0000000080a00000,0x0000000080a00000,0x0000000085f80000)
 Metaspace       used 4013K, capacity 5144K, committed 5376K, reserved 1056768K
  class space    used 430K, capacity 456K, committed 512K, reserved 1048576K
Event: 1.509 GC heap after
Heap after GC invocations=1 (full 0):
 PSYoungGen      total 38400K, used 1358K [0x00000000d5900000, 0x00000000d8380000, 0x0000000100000000)
  eden space 33280K, 0% used [0x00000000d5900000,0x00000000d5900000,0x00000000d7980000)
  from space 5120K, 26% used [0x00000000d7980000,0x00000000d7ad3960,0x00000000d7e80000)
  to   space 5120K, 0% used [0x00000000d7e80000,0x00000000d7e80000,0x00000000d8380000)
 ParOldGen       total 87552K, used 8K [0x0000000080a00000, 0x0000000085f80000, 0x00000000d5900000)
  object space 87552K, 0% used [0x0000000080a00000,0x0000000080a02000,0x0000000085f80000)
 Metaspace       used 4013K, capacity 5144K, committed 5376K, reserved 1056768K
  class space    used 430K, capacity 456K, committed 512K, reserved 1048576K
}
Event: 3.062 GC heap before
{Heap before GC invocations=2 (full 0):
 PSYoungGen      total 38400K, used 34638K [0x00000000d5900000, 0x00000000d8380000, 0x0000000100000000)
  eden space 33280K, 100% used [0x00000000d5900000,0x00000000d7980000,0x00000000d7980000)
  from space 5120K, 26% used [0x00000000d7980000,0x00000000d7ad3960,0x00000000d7e80000)
  to   space 5120K, 0% used [0x00000000d7e80000,0x00000000d7e80000,0x00000000d8380000)
 ParOldGen       total 87552K, used 8K [0x0000000080a00000, 0x0000000085f80000, 0x00000000d5900000)
  object space 87552K, 0% used [0x0000000080a00000,0x0000000080a02000,0x0000000085f80000)
 Metaspace       used 17911K, capacity 18172K, committed 18304K, reserved 1064960K
  class space    used 2336K, capacity 2426K, committed 2432K, reserved 1048576K
Event: 3.069 GC heap after
Heap after GC invocations=2 (full 0):
 PSYoungGen      total 38400K, used 5111K [0x00000000d5900000, 0x00000000d8380000, 0x0000000100000000)
  eden space 33280K, 0% used [0x00000000d5900000,0x00000000d5900000,0x00000000d7980000)
  from space 5120K, 99% used [0x00000000d7e80000,0x00000000d837ddd8,0x00000000d8380000)
  to   space 5120K, 0% used [0x00000000d7980000,0x00000000d7980000,0x00000000d7e80000)
 ParOldGen       total 87552K, used 2535K [0x0000000080a00000, 0x0000000085f80000, 0x00000000d5900000)
  object space 87552K, 2% used [0x0000000080a00000,0x0000000080c79f78,0x0000000085f80000)
 Metaspace       used 17911K, capacity 18172K, committed 18304K, reserved 1064960K
  class space    used 2336K, capacity 2426K, committed 2432K, reserved 1048576K
}
Event: 3.319 GC heap before
{Heap before GC invocations=3 (full 0):
 PSYoungGen      total 38400K, used 21119K [0x00000000d5900000, 0x00000000d8380000, 0x0000000100000000)
  eden space 33280K, 48% used [0x00000000d5900000,0x00000000d68a1ee0,0x00000000d7980000)
  from space 5120K, 99% used [0x00000000d7e80000,0x00000000d837ddd8,0x00000000d8380000)
  to   space 5120K, 0% used [0x00000000d7980000,0x00000000d7980000,0x00000000d7e80000)
 ParOldGen       total 87552K, used 2535K [0x0000000080a00000, 0x0000000085f80000, 0x00000000d5900000)
  object space 87552K, 2% used [0x0000000080a00000,0x0000000080c79f78,0x0000000085f80000)
 Metaspace       used 20904K, capacity 21118K, committed 21248K, reserved 1067008K
  class space    used 2706K, capacity 2787K, committed 2816K, reserved 1048576K
Event: 3.324 GC heap after
Heap after GC invocations=3 (full 0):
 PSYoungGen      total 38400K, used 5097K [0x00000000d5900000, 0x00000000d8380000, 0x0000000100000000)
  eden space 33280K, 0% used [0x00000000d5900000,0x00000000d5900000,0x00000000d7980000)
  from space 5120K, 99% used [0x00000000d7980000,0x00000000d7e7a7c0,0x00000000d7e80000)
  to   space 5120K, 0% used [0x00000000d7e80000,0x00000000d7e80000,0x00000000d8380000)
 ParOldGen       total 87552K, used 3647K [0x0000000080a00000, 0x0000000085f80000, 0x00000000d5900000)
  object space 87552K, 4% used [0x0000000080a00000,0x0000000080d8ff80,0x0000000085f80000)
 Metaspace       used 20904K, capacity 21118K, committed 21248K, reserved 1067008K
  class space    used 2706K, capacity 2787K, committed 2816K, reserved 1048576K
}
Event: 3.324 GC heap before
{Heap before GC invocations=4 (full 1):
 PSYoungGen      total 38400K, used 5097K [0x00000000d5900000, 0x00000000d8380000, 0x0000000100000000)
  eden space 33280K, 0% used [0x00000000d5900000,0x00000000d5900000,0x00000000d7980000)
  from space 5120K, 99% used [0x00000000d7980000,0x00000000d7e7a7c0,0x00000000d7e80000)
  to   space 5120K, 0% used [0x00000000d7e80000,0x00000000d7e80000,0x00000000d8380000)
 ParOldGen       total 87552K, used 3647K [0x0000000080a00000, 0x0000000085f80000, 0x00000000d5900000)
  object space 87552K, 4% used [0x0000000080a00000,0x0000000080d8ff80,0x0000000085f80000)
 Metaspace       used 20904K, capacity 21118K, committed 21248K, reserved 1067008K
  class space    used 2706K, capacity 2787K, committed 2816K, reserved 1048576K
Event: 3.343 GC heap after
Heap after GC invocations=4 (full 1):
 PSYoungGen      total 38400K, used 0K [0x00000000d5900000, 0x00000000d8380000, 0x0000000100000000)
  eden space 33280K, 0% used [0x00000000d5900000,0x00000000d5900000,0x00000000d7980000)
  from space 5120K, 0% used [0x00000000d7980000,0x00000000d7980000,0x00000000d7e80000)
  to   space 5120K, 0% used [0x00000000d7e80000,0x00000000d7e80000,0x00000000d8380000)
 ParOldGen       total 56832K, used 6073K [0x0000000080a00000, 0x0000000084180000, 0x00000000d5900000)
  object space 56832K, 10% used [0x0000000080a00000,0x0000000080fee540,0x0000000084180000)
 Metaspace       used 20904K, capacity 21118K, committed 21248K, reserved 1067008K
  class space    used 2706K, capacity 2787K, committed 2816K, reserved 1048576K
}

Deoptimization events (10 events):
Event: 3.460 Thread 0x00000000054b2800 Uncommon trap: reason=unstable_if action=reinterpret pc=0x00000000058a2b14 method=java.util.HashMap.getNode(ILjava/lang/Object;)Ljava/util/HashMap$Node; @ 84
Event: 3.460 Thread 0x00000000054b2800 Uncommon trap: reason=unstable_if action=reinterpret pc=0x000000000584e188 method=java.util.HashMap.getNode(ILjava/lang/Object;)Ljava/util/HashMap$Node; @ 84
Event: 3.461 Thread 0x00000000054b2800 Uncommon trap: reason=unstable_if action=reinterpret pc=0x0000000005a2550c method=java.util.HashMap.resize()[Ljava/util/HashMap$Node; @ 206
Event: 3.463 Thread 0x00000000054b2800 Uncommon trap: reason=class_check action=maybe_recompile pc=0x0000000005993ec0 method=java.io.FilterOutputStream.write([B)V @ 5
Event: 3.463 Thread 0x00000000054b2800 Uncommon trap: reason=class_check action=maybe_recompile pc=0x0000000005993ec0 method=java.io.FilterOutputStream.write([B)V @ 5
Event: 3.463 Thread 0x00000000054b2800 Uncommon trap: reason=class_check action=maybe_recompile pc=0x0000000005993ec0 method=java.io.FilterOutputStream.write([B)V @ 5
Event: 3.463 Thread 0x00000000054b2800 Uncommon trap: reason=class_check action=maybe_recompile pc=0x0000000005993ec0 method=java.io.FilterOutputStream.write([B)V @ 5
Event: 3.583 Thread 0x00000000054b2800 Uncommon trap: reason=range_check action=none pc=0x0000000005834fdc method=sun.reflect.generics.parser.SignatureParser.current()C @ 34
Event: 3.587 Thread 0x00000000054b2800 Uncommon trap: reason=range_check action=none pc=0x0000000005834fdc method=sun.reflect.generics.parser.SignatureParser.current()C @ 34
Event: 3.691 Thread 0x00000000054b2800 Uncommon trap: reason=unstable_if action=reinterpret pc=0x0000000005ae7d78 method=java.lang.reflect.Method.equals(Ljava/lang/Object;)Z @ 49

Internal exceptions (10 events):
Event: 3.125 Thread 0x00000000054b2800 Exception <a 'java/lang/ArrayIndexOutOfBoundsException': 67> (0x00000000d5ce25e8) thrown at [C:\re\workspace\8-2-build-windows-amd64-cygwin\jdk8u91\7017\hotspot\src\share\vm\interpreter\interpreterRuntime.cpp, line 366]
Event: 3.125 Thread 0x00000000054b2800 Exception <a 'java/lang/ArrayIndexOutOfBoundsException': 69> (0x00000000d5ceb3d0) thrown at [C:\re\workspace\8-2-build-windows-amd64-cygwin\jdk8u91\7017\hotspot\src\share\vm\interpreter\interpreterRuntime.cpp, line 366]
Event: 3.132 Thread 0x00000000054b2800 Exception <a 'java/lang/ArrayIndexOutOfBoundsException': 68> (0x00000000d5d484a0) thrown at [C:\re\workspace\8-2-build-windows-amd64-cygwin\jdk8u91\7017\hotspot\src\share\vm\interpreter\interpreterRuntime.cpp, line 366]
Event: 3.132 Thread 0x00000000054b2800 Exception <a 'java/lang/ArrayIndexOutOfBoundsException': 69> (0x00000000d5d494a8) thrown at [C:\re\workspace\8-2-build-windows-amd64-cygwin\jdk8u91\7017\hotspot\src\share\vm\interpreter\interpreterRuntime.cpp, line 366]
Event: 3.174 Thread 0x00000000054b2800 Exception <a 'java/lang/ArrayIndexOutOfBoundsException': 68> (0x00000000d5f4ad30) thrown at [C:\re\workspace\8-2-build-windows-amd64-cygwin\jdk8u91\7017\hotspot\src\share\vm\interpreter\interpreterRuntime.cpp, line 366]
Event: 3.174 Thread 0x00000000054b2800 Exception <a 'java/lang/ArrayIndexOutOfBoundsException': 69> (0x00000000d5f4be68) thrown at [C:\re\workspace\8-2-build-windows-amd64-cygwin\jdk8u91\7017\hotspot\src\share\vm\interpreter\interpreterRuntime.cpp, line 366]
Event: 3.179 Thread 0x00000000054b2800 Exception <a 'java/lang/ArrayIndexOutOfBoundsException': 68> (0x00000000d5f8efa0) thrown at [C:\re\workspace\8-2-build-windows-amd64-cygwin\jdk8u91\7017\hotspot\src\share\vm\interpreter\interpreterRuntime.cpp, line 366]
Event: 3.179 Thread 0x00000000054b2800 Exception <a 'java/lang/ArrayIndexOutOfBoundsException': 69> (0x00000000d5f8fee8) thrown at [C:\re\workspace\8-2-build-windows-amd64-cygwin\jdk8u91\7017\hotspot\src\share\vm\interpreter\interpreterRuntime.cpp, line 366]
Event: 3.583 Thread 0x00000000054b2800 Exception <a 'java/lang/ArrayIndexOutOfBoundsException': 68> (0x00000000d67ba920) thrown at [C:\re\workspace\8-2-build-windows-amd64-cygwin\jdk8u91\7017\hotspot\src\share\vm\interpreter\interpreterRuntime.cpp, line 366]
Event: 3.587 Thread 0x00000000054b2800 Exception <a 'java/lang/ArrayIndexOutOfBoundsException': 68> (0x00000000d6807d88) thrown at [C:\re\workspace\8-2-build-windows-amd64-cygwin\jdk8u91\7017\hotspot\src\share\vm\interpreter\interpreterRuntime.cpp, line 366]

Events (10 events):
Event: 59.231 Thread 0x00000000054b2800 DEOPT PACKING pc=0x0000000005792ec1 sp=0x00000000054ab900
Event: 59.231 Thread 0x00000000054b2800 DEOPT UNPACKING pc=0x00000000055f787f sp=0x00000000054ab650 mode 1
Event: 59.231 Executing VM operation: RevokeBias
Event: 59.231 Executing VM operation: RevokeBias done
Event: 59.231 Thread 0x00000000054b2800 DEOPT PACKING pc=0x0000000005aef158 sp=0x00000000054ab980
Event: 59.231 Thread 0x00000000054b2800 DEOPT UNPACKING pc=0x00000000055f787f sp=0x00000000054ab650 mode 1
Event: 59.232 Thread 0x00000000054b2800 Thread exited: 0x00000000054b2800
Event: 59.232 Thread 0x00000000054b2800 Thread added: 0x00000000054b2800
Event: 219.459 Executing VM operation: RedefineClasses
Event: 219.471 Executing VM operation: RedefineClasses done


Dynamic libraries:
0x00007ff7657e0000 - 0x00007ff765817000 	C:\Program Files\Java\jdk1.8.0_91\bin\javaw.exe
0x00007ff855ca0000 - 0x00007ff855e80000 	C:\WINDOWS\SYSTEM32\ntdll.dll
0x00007ff8538b0000 - 0x00007ff85395e000 	C:\WINDOWS\System32\KERNEL32.DLL
0x00007ff852b90000 - 0x00007ff852df6000 	C:\WINDOWS\System32\KERNELBASE.dll
0x0000000064e20000 - 0x0000000064eae000 	C:\WINDOWS\System32\SYSFER.DLL
0x00007ff855ae0000 - 0x00007ff855b81000 	C:\WINDOWS\System32\ADVAPI32.dll
0x00007ff853440000 - 0x00007ff8534dd000 	C:\WINDOWS\System32\msvcrt.dll
0x00007ff855950000 - 0x00007ff8559ab000 	C:\WINDOWS\System32\sechost.dll
0x00007ff855830000 - 0x00007ff85594f000 	C:\WINDOWS\System32\RPCRT4.dll
0x00007ff853e20000 - 0x00007ff853faf000 	C:\WINDOWS\System32\USER32.dll
0x00007ff852e50000 - 0x00007ff852e70000 	C:\WINDOWS\System32\win32u.dll
0x00007ff853410000 - 0x00007ff853438000 	C:\WINDOWS\System32\GDI32.dll
0x00007ff852f70000 - 0x00007ff853103000 	C:\WINDOWS\System32\gdi32full.dll
0x00007ff852150000 - 0x00007ff8521eb000 	C:\WINDOWS\System32\msvcp_win.dll
0x00007ff852e70000 - 0x00007ff852f66000 	C:\WINDOWS\System32\ucrtbase.dll
0x00007ff846b50000 - 0x00007ff846db9000 	C:\WINDOWS\WinSxS\amd64_microsoft.windows.common-controls_6595b64144ccf1df_6.0.16299.309_none_15cfd4c4935e6b11\COMCTL32.dll
0x00007ff853fb0000 - 0x00007ff8542b8000 	C:\WINDOWS\System32\combase.dll
0x00007ff852940000 - 0x00007ff8529b2000 	C:\WINDOWS\System32\bcryptPrimitives.dll
0x00007ff855a10000 - 0x00007ff855a3d000 	C:\WINDOWS\System32\IMM32.DLL
0x0000000062270000 - 0x0000000062342000 	C:\Program Files\Java\jdk1.8.0_91\jre\bin\msvcr100.dll
0x00000000619d0000 - 0x0000000062263000 	C:\Program Files\Java\jdk1.8.0_91\jre\bin\server\jvm.dll
0x00007ff855b90000 - 0x00007ff855b98000 	C:\WINDOWS\System32\PSAPI.DLL
0x00007ff844060000 - 0x00007ff844069000 	C:\WINDOWS\SYSTEM32\WSOCK32.dll
0x00007ff8557c0000 - 0x00007ff85582c000 	C:\WINDOWS\System32\WS2_32.dll
0x00007ff84de90000 - 0x00007ff84deb3000 	C:\WINDOWS\SYSTEM32\WINMM.dll
0x00007ff84af40000 - 0x00007ff84af4a000 	C:\WINDOWS\SYSTEM32\VERSION.dll
0x00007ff84df50000 - 0x00007ff84df7a000 	C:\WINDOWS\SYSTEM32\WINMMBASE.dll
0x00007ff852e00000 - 0x00007ff852e4a000 	C:\WINDOWS\System32\cfgmgr32.dll
0x00000000619c0000 - 0x00000000619cf000 	C:\Program Files\Java\jdk1.8.0_91\jre\bin\verify.dll
0x0000000061990000 - 0x00000000619b9000 	C:\Program Files\Java\jdk1.8.0_91\jre\bin\java.dll
0x0000000061860000 - 0x0000000061895000 	C:\Program Files\Java\jdk1.8.0_91\jre\bin\jdwp.dll
0x0000000061850000 - 0x0000000061858000 	C:\Program Files\Java\jdk1.8.0_91\jre\bin\npt.dll
0x0000000061970000 - 0x0000000061986000 	C:\Program Files\Java\jdk1.8.0_91\jre\bin\zip.dll
0x00007ff854380000 - 0x00007ff8557b6000 	C:\WINDOWS\System32\SHELL32.dll
0x00007ff8542c0000 - 0x00007ff854366000 	C:\WINDOWS\System32\shcore.dll
0x00007ff8521f0000 - 0x00007ff852937000 	C:\WINDOWS\System32\windows.storage.dll
0x00007ff8559b0000 - 0x00007ff855a01000 	C:\WINDOWS\System32\shlwapi.dll
0x00007ff852060000 - 0x00007ff852071000 	C:\WINDOWS\System32\kernel.appcore.dll
0x00007ff852010000 - 0x00007ff85205c000 	C:\WINDOWS\System32\powrprof.dll
0x00007ff851ff0000 - 0x00007ff85200b000 	C:\WINDOWS\System32\profapi.dll
0x0000000061840000 - 0x0000000061849000 	C:\Program Files\Java\jdk1.8.0_91\jre\bin\dt_socket.dll
0x00007ff8443a0000 - 0x00007ff8443b6000 	C:\WINDOWS\system32\napinsp.dll
0x00007ff8440c0000 - 0x00007ff8440da000 	C:\WINDOWS\system32\pnrpnsp.dll
0x00007ff84e110000 - 0x00007ff84e128000 	C:\WINDOWS\system32\NLAapi.dll
0x00007ff8514d0000 - 0x00007ff851536000 	C:\WINDOWS\System32\mswsock.dll
0x00007ff8512a0000 - 0x00007ff851356000 	C:\WINDOWS\SYSTEM32\DNSAPI.dll
0x00007ff854370000 - 0x00007ff854378000 	C:\WINDOWS\System32\NSI.dll
0x00007ff851260000 - 0x00007ff851299000 	C:\WINDOWS\SYSTEM32\IPHLPAPI.DLL
0x00007ff844b40000 - 0x00007ff844b4e000 	C:\WINDOWS\System32\winrnr.dll
0x00007ff84cf50000 - 0x00007ff84cfc0000 	C:\WINDOWS\System32\fwpuclnt.dll
0x00007ff851a50000 - 0x00007ff851a75000 	C:\WINDOWS\SYSTEM32\bcrypt.dll
0x00007ff84b340000 - 0x00007ff84b34a000 	C:\Windows\System32\rasadhlp.dll
0x0000000061950000 - 0x000000006196a000 	C:\Program Files\Java\jdk1.8.0_91\jre\bin\net.dll
0x00007ff851d80000 - 0x00007ff851d97000 	C:\WINDOWS\SYSTEM32\CRYPTSP.dll
0x00007ff8510d0000 - 0x00007ff851103000 	C:\WINDOWS\system32\rsaenh.dll
0x00007ff851f20000 - 0x00007ff851f49000 	C:\WINDOWS\SYSTEM32\USERENV.dll
0x00007ff851690000 - 0x00007ff85169b000 	C:\WINDOWS\SYSTEM32\CRYPTBASE.dll
0x00007ff84d1d0000 - 0x00007ff84d1e6000 	C:\WINDOWS\SYSTEM32\dhcpcsvc6.DLL
0x00007ff84cfc0000 - 0x00007ff84cfda000 	C:\WINDOWS\SYSTEM32\dhcpcsvc.DLL
0x0000000061930000 - 0x0000000061941000 	C:\Program Files\Java\jdk1.8.0_91\jre\bin\nio.dll
0x00007ff851af0000 - 0x00007ff851cb8000 	C:\WINDOWS\SYSTEM32\dbghelp.dll

VM Arguments:
jvm_args: -agentlib:jdwp=transport=dt_socket,suspend=y,address=localhost:53151 -Dfile.encoding=UTF-8 
java_command: org.hochnt.tutorial.hibernate.main.main
java_class_path (initial): C:\Users\hochnt\Desktop\School\2.PracticeJava\O7\Hibernate\Demo\Demo1_SimpleHibernate\Demo1_SimpleHibernate\target\classes;C:\Users\hochnt\.m2\repository\org\hibernate\hibernate-core\5.2.15.Final\hibernate-core-5.2.15.Final.jar;C:\Users\hochnt\.m2\repository\org\jboss\logging\jboss-logging\3.3.1.Final\jboss-logging-3.3.1.Final.jar;C:\Users\hochnt\.m2\repository\org\hibernate\javax\persistence\hibernate-jpa-2.1-api\1.0.0.Final\hibernate-jpa-2.1-api-1.0.0.Final.jar;C:\Users\hochnt\.m2\repository\org\javassist\javassist\3.22.0-GA\javassist-3.22.0-GA.jar;C:\Users\hochnt\.m2\repository\antlr\antlr\2.7.7\antlr-2.7.7.jar;C:\Users\hochnt\.m2\repository\org\jboss\spec\javax\transaction\jboss-transaction-api_1.2_spec\1.0.1.Final\jboss-transaction-api_1.2_spec-1.0.1.Final.jar;C:\Users\hochnt\.m2\repository\org\jboss\jandex\2.0.3.Final\jandex-2.0.3.Final.jar;C:\Users\hochnt\.m2\repository\com\fasterxml\classmate\1.3.0\classmate-1.3.0.jar;C:\Users\hochnt\.m2\repository\dom4j\dom4j\1.6.1\dom4j-1.6.1.jar;C:\Users\hochnt\.m2\repository\org\hibernate\common\hibernate-commons-annotations\5.0.1.Final\hibernate-commons-annotations-5.0.1.Final.jar;C:\Users\hochnt\.m2\repository\postgresql\postgresql\9.1-901-1.jdbc4\postgresql-9.1-901-1.jdbc4.jar
Launcher Type: SUN_STANDARD

Environment Variables:
JAVA_HOME=C:\Program Files\Java\jdk1.8.0_91
PATH=C:\Program Files\Java\jdk1.8.0_91\jre\bin;C:/Program Files/Java/jre1.8.0_131/bin/server;C:/Program Files/Java/jre1.8.0_131/bin;C:/Program Files/Java/jre1.8.0_131/lib/amd64;C:\Ruby24-x64\bin;C:\Program Files\Microsoft MPI\Bin\;C:\oracle\product\10.2.0\client\bin;C:\ProgramData\Oracle\Java\javapath;C:\WINDOWS\system32;C:\WINDOWS;C:\WINDOWS\System32\Wbem;C:\WINDOWS\System32\WindowsPowerShell\v1.0\;C:\Program Files (x86)\ATI Technologies\ATI.ACE\Core-Static;C:\Program Files\Microsoft SQL Server\110\Tools\Binn\;C:\Program Files (x86)\Microsoft SQL Server\110\DTS\Binn\;C:\Program Files (x86)\Microsoft SQL Server\110\Tools\Binn\;C:\Program Files (x86)\Microsoft SQL Server\110\Tools\Binn\ManagementStudio\;C:\Program Files\TortoiseSVN\bin;C:\Program Files (x86)\Microsoft Visual Studio 10.0\Common7\IDE\PrivateAssemblies\;C:\Program Files\Git\cmd;C:\Program Files\Microsoft SQL Server\130\Tools\Binn\;C:\Program Files\dotnet\;C:\Program Files\MySQL\MySQL Utilities 1.6\;C:\Program Files\Java\jdk1.8.0_91\bin;C:\Program Files\nodejs\;C:\Ruby24-x64\bin;C:\Users\hochnt\AppData\Local\Microsoft\WindowsApps;C:\Users\hochnt\AppData\Local\.meteor\;C:\Users\hochnt\AppData\Local\GitHubDesktop\bin;C:\Program Files\Microsoft VS Code\bin;C:\Users\hochnt\AppData\Roaming\npm;C:\Users\hochnt\AppData\Local\Microsoft\WindowsApps;;E:\Hoc\Soft\EclipseOxygen1\eclipse;
USERNAME=hochnt
OS=Windows_NT
PROCESSOR_IDENTIFIER=Intel64 Family 6 Model 60 Stepping 3, GenuineIntel



---------------  S Y S T E M  ---------------

OS: Windows 10.0 , 64 bit Build 16299 (10.0.16299.15)

CPU:total 4 (4 cores per cpu, 1 threads per core) family 6 model 60 stepping 3, cmov, cx8, fxsr, mmx, sse, sse2, sse3, ssse3, sse4.1, sse4.2, popcnt, avx, avx2, aes, clmul, erms, lzcnt, tsc, tscinvbit, bmi1, bmi2

Memory: 4k page, physical 8340232k(1650892k free), swap 13233392k(1673136k free)

vm_info: Java HotSpot(TM) 64-Bit Server VM (25.91-b15) for windows-amd64 JRE (1.8.0_91-b15), built on May 20 2016 17:43:15 by "java_re" with MS VC++ 10.0 (VS2010)

time: Wed Mar 21 16:47:41 2018
elapsed time: 219 seconds (0d 0h 3m 39s)

